Using pre-set license
Built from '2020.3/staging' branch; Version is '2020.3.16f1 (049d6eca3c44) revision 302446'; Using compiler version '192528614'; Build Type 'Release'
OS: 'Windows 10 Pro; OS build 19041.1110; Version 2004; 64bit' Language: 'ru' Physical Memory: 16313 MB
BatchMode: 1, IsHumanControllingUs: 0, StartBugReporterOnCrash: 0, Is64bit: 1, IsPro: 0

 COMMAND LINE ARGUMENTS:
C:\Program Files\Unity\Hub\Editor\2020.3.16f1\Editor\Unity.exe
-adb2
-batchMode
-noUpm
-name
AssetImportWorker1
-projectPath
C:/Users/warpl/Desktop/c#/Unity/Unity/Spawn
-logFile
Logs/AssetImportWorker1.log
-srvPort
61537
Successfully changed project path to: C:/Users/warpl/Desktop/c#/Unity/Unity/Spawn
C:/Users/warpl/Desktop/c#/Unity/Unity/Spawn
Using Asset Import Pipeline V2.
Refreshing native plugins compatible for Editor in 60.77 ms, found 3 plugins.
Preloading 0 native plugins for Editor in 0.00 ms.
Initialize engine version: 2020.3.16f1 (049d6eca3c44)
[Subsystems] Discovering subsystems at path C:/Program Files/Unity/Hub/Editor/2020.3.16f1/Editor/Data/Resources/UnitySubsystems
[Subsystems] Discovering subsystems at path C:/Users/warpl/Desktop/c#/Unity/Unity/Spawn/Assets
GfxDevice: creating device client; threaded=0
Direct3D:
    Version:  Direct3D 11.0 [level 11.1]
    Renderer: NVIDIA GeForce RTX 2060 SUPER (ID=0x1f06)
    Vendor:   
    VRAM:     8031 MB
    Driver:   27.21.14.6677
Initialize mono
Mono path[0] = 'C:/Program Files/Unity/Hub/Editor/2020.3.16f1/Editor/Data/Managed'
Mono path[1] = 'C:/Program Files/Unity/Hub/Editor/2020.3.16f1/Editor/Data/MonoBleedingEdge/lib/mono/unityjit'
Mono config path = 'C:/Program Files/Unity/Hub/Editor/2020.3.16f1/Editor/Data/MonoBleedingEdge/etc'
Using monoOptions --debugger-agent=transport=dt_socket,embedding=1,server=y,suspend=n,address=127.0.0.1:56920
Begin MonoManager ReloadAssembly
Registering precompiled unity dll's ...
Register platform support module: C:/Program Files/Unity/Hub/Editor/2020.3.16f1/Editor/Data/PlaybackEngines/WindowsStandaloneSupport/UnityEditor.WindowsStandalone.Extensions.dll
Registered in 0.001645 seconds.
Native extension for WindowsStandalone target not found
Refreshing native plugins compatible for Editor in 40.08 ms, found 3 plugins.
Preloading 0 native plugins for Editor in 0.00 ms.
Mono: successfully reloaded assembly
- Completed reload, in  0.884 seconds
Domain Reload Profiling:
	ReloadAssembly (884ms)
		BeginReloadAssembly (46ms)
			ExecutionOrderSort (0ms)
			DisableScriptedObjects (0ms)
			BackupInstance (0ms)
			ReleaseScriptingObjects (0ms)
			CreateAndSetChildDomain (1ms)
		EndReloadAssembly (342ms)
			LoadAssemblies (44ms)
			RebuildTransferFunctionScriptingTraits (0ms)
			SetupTypeCache (119ms)
			ReleaseScriptCaches (0ms)
			RebuildScriptCaches (24ms)
			SetupLoadedEditorAssemblies (142ms)
				LogAssemblyErrors (0ms)
				InitializePlatformSupportModulesInManaged (3ms)
				SetLoadedEditorAssemblies (0ms)
				RefreshPlugins (40ms)
				BeforeProcessingInitializeOnLoad (13ms)
				ProcessInitializeOnLoadAttributes (63ms)
				ProcessInitializeOnLoadMethodAttributes (23ms)
				AfterProcessingInitializeOnLoad (0ms)
				EditorAssembliesLoaded (0ms)
			ExecutionOrderSort2 (0ms)
			AwakeInstancesAfterBackupRestoration (0ms)
Platform modules already initialized, skipping
Registering precompiled user dll's ...
Registered in 0.003393 seconds.
Begin MonoManager ReloadAssembly
Native extension for WindowsStandalone target not found
Refreshing native plugins compatible for Editor in 38.32 ms, found 3 plugins.
Preloading 0 native plugins for Editor in 0.00 ms.
Mono: successfully reloaded assembly
- Completed reload, in  1.001 seconds
Domain Reload Profiling:
	ReloadAssembly (1002ms)
		BeginReloadAssembly (151ms)
			ExecutionOrderSort (0ms)
			DisableScriptedObjects (7ms)
			BackupInstance (0ms)
			ReleaseScriptingObjects (0ms)
			CreateAndSetChildDomain (18ms)
		EndReloadAssembly (796ms)
			LoadAssemblies (74ms)
			RebuildTransferFunctionScriptingTraits (0ms)
			SetupTypeCache (238ms)
			ReleaseScriptCaches (1ms)
			RebuildScriptCaches (40ms)
			SetupLoadedEditorAssemblies (339ms)
				LogAssemblyErrors (0ms)
				InitializePlatformSupportModulesInManaged (3ms)
				SetLoadedEditorAssemblies (0ms)
				RefreshPlugins (38ms)
				BeforeProcessingInitializeOnLoad (65ms)
				ProcessInitializeOnLoadAttributes (217ms)
				ProcessInitializeOnLoadMethodAttributes (10ms)
				AfterProcessingInitializeOnLoad (5ms)
				EditorAssembliesLoaded (0ms)
			ExecutionOrderSort2 (0ms)
			AwakeInstancesAfterBackupRestoration (5ms)
Platform modules already initialized, skipping
========================================================================
Worker process is ready to serve import requests
Launched and connected shader compiler UnityShaderCompiler.exe after 0.05 seconds
Refreshing native plugins compatible for Editor in 0.53 ms, found 3 plugins.
Preloading 0 native plugins for Editor in 0.00 ms.
Unloading 2098 Unused Serialized files (Serialized files now loaded: 0)
System memory in use before: 93.2 MB.
System memory in use after: 93.3 MB.

Unloading 28 unused Assets to reduce memory usage. Loaded Objects now: 2535.
Total: 2.919600 ms (FindLiveObjects: 0.255300 ms CreateObjectMapping: 0.055100 ms MarkObjects: 2.556100 ms  DeleteObjects: 0.052100 ms)

AssetImportParameters requested are different than current active one (requested -> active):
  custom:framework-win-MediaFoundation: 216162199b28c13a410421893ffa2e32 -> 
  custom:video-decoder-ogg-theora: a1e56fd34408186e4bbccfd4996cb3dc -> 
  custom:container-muxer-webm: aa71ff27fc2769a1b78a27578f13a17b -> 
  custom:container-demuxer-webm: 4f35f7cbe854078d1ac9338744f61a02 -> 
  custom:container-demuxer-ogg: 62fdf1f143b41e24485cea50d1cbac27 -> 
  custom:video-encoder-webm-vp8: eb34c28f22e8b96e1ab97ce403110664 -> 
  custom:video-decoder-webm-vp8: 9c59270c3fd7afecdb556c50c9e8de78 -> 
  custom:audio-decoder-ogg-vorbis: bf7c407c2cedff20999df2af8eb42d56 -> 
  custom:audio-encoder-webm-vorbis: bf7c407c2cedff20999df2af8eb42d56 -> 
========================================================================
Received Import Request.
  path: Assets/Brackeys/2D Mega Pack/Platforms/Platform_Blue.png
  artifactKey: Guid(ab30a5ba8bf22d24686375e484b073e9) Importer(815301076,1909f56bfc062723c751e8b465ee728b)
Start importing Assets/Brackeys/2D Mega Pack/Platforms/Platform_Blue.png using Guid(ab30a5ba8bf22d24686375e484b073e9) Importer(815301076,1909f56bfc062723c751e8b465ee728b)  -> (artifact id: 'c1b62a1e8fb9a8afbda7697c0c0b82e7') in 0.094533 seconds 
  Import took 0.097522 seconds .

========================================================================
Received Import Request.
  Time since last request: 0.000157 seconds.
  path: Assets/Brackeys/2D Mega Pack/Shapes/Arrow.png
  artifactKey: Guid(24726326f0d24dc41875ec34f94e95b2) Importer(815301076,1909f56bfc062723c751e8b465ee728b)
Start importing Assets/Brackeys/2D Mega Pack/Shapes/Arrow.png using Guid(24726326f0d24dc41875ec34f94e95b2) Importer(815301076,1909f56bfc062723c751e8b465ee728b)  -> (artifact id: '288d986ab99f8513d9186c47537478b2') in 0.011775 seconds 
  Import took 0.014466 seconds .

========================================================================
Received Import Request.
  Time since last request: 0.000185 seconds.
  path: Assets/Brackeys/2D Mega Pack/Platforms/Platform_Vertical_Wood_Small.png
  artifactKey: Guid(8fa71125fb47e764db3eaad0cd306d09) Importer(815301076,1909f56bfc062723c751e8b465ee728b)
Start importing Assets/Brackeys/2D Mega Pack/Platforms/Platform_Vertical_Wood_Small.png using Guid(8fa71125fb47e764db3eaad0cd306d09) Importer(815301076,1909f56bfc062723c751e8b465ee728b)  -> (artifact id: '001403da1746cb2fcab1da62852afd36') in 0.011808 seconds 
  Import took 0.014552 seconds .

========================================================================
Received Import Request.
  Time since last request: 0.000162 seconds.
  path: Assets/Brackeys/2D Mega Pack/Shapes/LargeSquare.png
  artifactKey: Guid(a28960bf12ee0ef439f0a3de86162ef9) Importer(815301076,1909f56bfc062723c751e8b465ee728b)
Start importing Assets/Brackeys/2D Mega Pack/Shapes/LargeSquare.png using Guid(a28960bf12ee0ef439f0a3de86162ef9) Importer(815301076,1909f56bfc062723c751e8b465ee728b)  -> (artifact id: '5d85a85124922b02b03b60bd5a3a216f') in 0.045576 seconds 
  Import took 0.048640 seconds .

========================================================================
Received Import Request.
  Time since last request: 0.000159 seconds.
  path: Assets/Brackeys/2D Mega Pack/Platforms/Platform_Pink_Wide.png
  artifactKey: Guid(849f7ba5345b1004db608d9d554c41dd) Importer(815301076,1909f56bfc062723c751e8b465ee728b)
Start importing Assets/Brackeys/2D Mega Pack/Platforms/Platform_Pink_Wide.png using Guid(849f7ba5345b1004db608d9d554c41dd) Importer(815301076,1909f56bfc062723c751e8b465ee728b)  -> (artifact id: 'bb3c446334050796b4e26e9d647e60d2') in 0.013157 seconds 
  Import took 0.016032 seconds .

========================================================================
Received Import Request.
  Time since last request: 0.000197 seconds.
  path: Assets/Brackeys/2D Mega Pack/Platforms/Platform_Uncolored_Wide.png
  artifactKey: Guid(176fe19fdc91e7f4ba23cb37600bda75) Importer(815301076,1909f56bfc062723c751e8b465ee728b)
Start importing Assets/Brackeys/2D Mega Pack/Platforms/Platform_Uncolored_Wide.png using Guid(176fe19fdc91e7f4ba23cb37600bda75) Importer(815301076,1909f56bfc062723c751e8b465ee728b)  -> (artifact id: 'a5fc9fdeda9cc898eb796e08369e1c7e') in 0.012699 seconds 
  Import took 0.015482 seconds .

========================================================================
Received Import Request.
  Time since last request: 0.000154 seconds.
  path: Assets/Brackeys/2D Mega Pack/Shapes/Diamond.png
  artifactKey: Guid(37616095ebf53744c950962f33663458) Importer(815301076,1909f56bfc062723c751e8b465ee728b)
Start importing Assets/Brackeys/2D Mega Pack/Shapes/Diamond.png using Guid(37616095ebf53744c950962f33663458) Importer(815301076,1909f56bfc062723c751e8b465ee728b)  -> (artifact id: '3d38a72276d95095ee3a01992ab63ec0') in 0.017229 seconds 
  Import took 0.019910 seconds .

========================================================================
Received Import Request.
  Time since last request: 0.000217 seconds.
  path: Assets/Brackeys/2D Mega Pack/Shapes/Circle.png
  artifactKey: Guid(8f66c60fb167a0f4299a9865ef4badc9) Importer(815301076,1909f56bfc062723c751e8b465ee728b)
Start importing Assets/Brackeys/2D Mega Pack/Shapes/Circle.png using Guid(8f66c60fb167a0f4299a9865ef4badc9) Importer(815301076,1909f56bfc062723c751e8b465ee728b)  -> (artifact id: '8501215bb13d7350bbd731633fb830d8') in 0.013818 seconds 
  Import took 0.016605 seconds .

========================================================================
Received Import Request.
  Time since last request: 0.000216 seconds.
  path: Assets/Brackeys/2D Mega Pack/Platforms/Platform_Uncolored.png
  artifactKey: Guid(d58df5b5e36ba884f9c288a3020d48af) Importer(815301076,1909f56bfc062723c751e8b465ee728b)
Start importing Assets/Brackeys/2D Mega Pack/Platforms/Platform_Uncolored.png using Guid(d58df5b5e36ba884f9c288a3020d48af) Importer(815301076,1909f56bfc062723c751e8b465ee728b)  -> (artifact id: '3ec73d7f9aee26393fae1297cbee9190') in 0.012465 seconds 
  Import took 0.015618 seconds .

========================================================================
Received Import Request.
  Time since last request: 0.000215 seconds.
  path: Assets/Brackeys/2D Mega Pack/Shapes/X.png
  artifactKey: Guid(b077818db7df77e4db729d473295e99e) Importer(815301076,1909f56bfc062723c751e8b465ee728b)
Start importing Assets/Brackeys/2D Mega Pack/Shapes/X.png using Guid(b077818db7df77e4db729d473295e99e) Importer(815301076,1909f56bfc062723c751e8b465ee728b)  -> (artifact id: 'f09b3b643383a3e240fbc6686b24c7ca') in 0.011250 seconds 
  Import took 0.014358 seconds .

========================================================================
Received Import Request.
  Time since last request: 0.000147 seconds.
  path: Assets/Brackeys/2D Mega Pack/Shapes/Ring.png
  artifactKey: Guid(f7aaa971d41e8a447afd2674b898bd5e) Importer(815301076,1909f56bfc062723c751e8b465ee728b)
Start importing Assets/Brackeys/2D Mega Pack/Shapes/Ring.png using Guid(f7aaa971d41e8a447afd2674b898bd5e) Importer(815301076,1909f56bfc062723c751e8b465ee728b)  -> (artifact id: 'dad065348b0abff7c5964f3a21f94f09') in 0.011106 seconds 
  Import took 0.013757 seconds .

========================================================================
Received Import Request.
  Time since last request: 0.000193 seconds.
  path: Assets/Brackeys/2D Mega Pack/Shapes/LargeRing.png
  artifactKey: Guid(8f4ea53398839234fb3e3aceb76b36a5) Importer(815301076,1909f56bfc062723c751e8b465ee728b)
Start importing Assets/Brackeys/2D Mega Pack/Shapes/LargeRing.png using Guid(8f4ea53398839234fb3e3aceb76b36a5) Importer(815301076,1909f56bfc062723c751e8b465ee728b)  -> (artifact id: '0adf38d8ad1ea8278007156f5dad3074') in 0.021616 seconds 
  Import took 0.024363 seconds .

========================================================================
Received Import Request.
  Time since last request: 0.000188 seconds.
  path: Assets/Brackeys/2D Mega Pack/Platforms/Platform_Vertical_Wood.png
  artifactKey: Guid(7d84c9a0ef474dc42812bf290d722f7e) Importer(815301076,1909f56bfc062723c751e8b465ee728b)
Start importing Assets/Brackeys/2D Mega Pack/Platforms/Platform_Vertical_Wood.png using Guid(7d84c9a0ef474dc42812bf290d722f7e) Importer(815301076,1909f56bfc062723c751e8b465ee728b)  -> (artifact id: '33ddb91ba6421e8bb76ab54c1c758f60') in 0.010370 seconds 
  Import took 0.013081 seconds .

========================================================================
Received Import Request.
  Time since last request: 0.000145 seconds.
  path: Assets/Brackeys/2D Mega Pack/Platforms/Platform_Pink.png
  artifactKey: Guid(4bdcafa0e50338d41ae14a25a337e16d) Importer(815301076,1909f56bfc062723c751e8b465ee728b)
Start importing Assets/Brackeys/2D Mega Pack/Platforms/Platform_Pink.png using Guid(4bdcafa0e50338d41ae14a25a337e16d) Importer(815301076,1909f56bfc062723c751e8b465ee728b)  -> (artifact id: '2f999b9b9bd102aa48dfdd071c3c0a55') in 0.012469 seconds 
  Import took 0.015116 seconds .

========================================================================
Received Import Request.
  Time since last request: 0.000165 seconds.
  path: Assets/Brackeys/2D Mega Pack/Platforms/Platform_Wood_Wide.png
  artifactKey: Guid(93aacd30e6870dc45a5dcafc2d1b3414) Importer(815301076,1909f56bfc062723c751e8b465ee728b)
Start importing Assets/Brackeys/2D Mega Pack/Platforms/Platform_Wood_Wide.png using Guid(93aacd30e6870dc45a5dcafc2d1b3414) Importer(815301076,1909f56bfc062723c751e8b465ee728b)  -> (artifact id: 'efbf833b8a50f18f6e36f232d2d21311') in 0.010542 seconds 
  Import took 0.013491 seconds .

========================================================================
Received Import Request.
  Time since last request: 0.000148 seconds.
  path: Assets/Brackeys/2D Mega Pack/Platforms/Platform_Vertical_Blue.png
  artifactKey: Guid(6d86e7e8a8b8f4a4ea3a10d9dee509b0) Importer(815301076,1909f56bfc062723c751e8b465ee728b)
Start importing Assets/Brackeys/2D Mega Pack/Platforms/Platform_Vertical_Blue.png using Guid(6d86e7e8a8b8f4a4ea3a10d9dee509b0) Importer(815301076,1909f56bfc062723c751e8b465ee728b)  -> (artifact id: '533aff88224735222bf5f59234929f63') in 0.010641 seconds 
  Import took 0.013570 seconds .

========================================================================
Received Import Request.
  Time since last request: 0.000151 seconds.
  path: Assets/Brackeys/2D Mega Pack/Shapes/Sugar.png
  artifactKey: Guid(162c961f79f03a7419bae8455ff18508) Importer(815301076,1909f56bfc062723c751e8b465ee728b)
Start importing Assets/Brackeys/2D Mega Pack/Shapes/Sugar.png using Guid(162c961f79f03a7419bae8455ff18508) Importer(815301076,1909f56bfc062723c751e8b465ee728b)  -> (artifact id: '969a0f84d129c782d32044afb00cacda') in 0.010223 seconds 
  Import took 0.012990 seconds .

========================================================================
Received Import Request.
  Time since last request: 0.000209 seconds.
  path: Assets/Brackeys/2D Mega Pack/Platforms/Platform_Wood.png
  artifactKey: Guid(6a9b202e9a1f2064b8ddb485c19be1fd) Importer(815301076,1909f56bfc062723c751e8b465ee728b)
Start importing Assets/Brackeys/2D Mega Pack/Platforms/Platform_Wood.png using Guid(6a9b202e9a1f2064b8ddb485c19be1fd) Importer(815301076,1909f56bfc062723c751e8b465ee728b)  -> (artifact id: '276aae85c7148e9c4eaca0dd4ec59fbe') in 0.010321 seconds 
  Import took 0.012986 seconds .

========================================================================
Received Import Request.
  Time since last request: 0.000154 seconds.
  path: Assets/Brackeys/2D Mega Pack/Platforms/Platform_Vertical_Uncolored.png
  artifactKey: Guid(0ddf619ff096ada469471c932a6d03d2) Importer(815301076,1909f56bfc062723c751e8b465ee728b)
Start importing Assets/Brackeys/2D Mega Pack/Platforms/Platform_Vertical_Uncolored.png using Guid(0ddf619ff096ada469471c932a6d03d2) Importer(815301076,1909f56bfc062723c751e8b465ee728b)  -> (artifact id: '049447eadf41cf2e2ee60b11a75187c9') in 0.011589 seconds 
  Import took 0.014260 seconds .

========================================================================
Received Import Request.
  Time since last request: 0.000295 seconds.
  path: Assets/Brackeys/2D Mega Pack/Platforms/Platform_Blue_Wide.png
  artifactKey: Guid(c76f47f717e792941b9c97541a3a1ff4) Importer(815301076,1909f56bfc062723c751e8b465ee728b)
Start importing Assets/Brackeys/2D Mega Pack/Platforms/Platform_Blue_Wide.png using Guid(c76f47f717e792941b9c97541a3a1ff4) Importer(815301076,1909f56bfc062723c751e8b465ee728b)  -> (artifact id: '344bb45093ebae93e5f7ba34d1b0b5f0') in 0.010574 seconds 
  Import took 0.013354 seconds .

========================================================================
Received Import Request.
  Time since last request: 0.000173 seconds.
  path: Assets/Brackeys/2D Mega Pack/Platforms/Platform_Outline.png
  artifactKey: Guid(662d1569d83ae68469880e52c5214ece) Importer(815301076,1909f56bfc062723c751e8b465ee728b)
Start importing Assets/Brackeys/2D Mega Pack/Platforms/Platform_Outline.png using Guid(662d1569d83ae68469880e52c5214ece) Importer(815301076,1909f56bfc062723c751e8b465ee728b)  -> (artifact id: 'd2f6d1e3533282f86745b15c5fd193cc') in 0.015333 seconds 
  Import took 0.018554 seconds .

========================================================================
Received Import Request.
  Time since last request: 0.000201 seconds.
  path: Assets/Brackeys/2D Mega Pack/Shapes/Triangle.png
  artifactKey: Guid(1853af91c4d184747801f42772136f14) Importer(815301076,1909f56bfc062723c751e8b465ee728b)
Start importing Assets/Brackeys/2D Mega Pack/Shapes/Triangle.png using Guid(1853af91c4d184747801f42772136f14) Importer(815301076,1909f56bfc062723c751e8b465ee728b)  -> (artifact id: '45ddbdb6d3e631edfba2fd50c6f90834') in 0.024360 seconds 
  Import took 0.028691 seconds .

========================================================================
Received Import Request.
  Time since last request: 0.000409 seconds.
  path: Assets/Brackeys/2D Mega Pack/Shapes/Square.png
  artifactKey: Guid(6858813d0f1f28b4cafee677b3e2e49b) Importer(815301076,1909f56bfc062723c751e8b465ee728b)
Start importing Assets/Brackeys/2D Mega Pack/Shapes/Square.png using Guid(6858813d0f1f28b4cafee677b3e2e49b) Importer(815301076,1909f56bfc062723c751e8b465ee728b)  -> (artifact id: 'f7a7dc88774c93244304a01c050ba10d') in 0.020712 seconds 
  Import took 0.024785 seconds .

========================================================================
Received Import Request.
  Time since last request: 0.000169 seconds.
  path: Assets/Brackeys/2D Mega Pack/Platforms/Platform_Vertical_Pink.png
  artifactKey: Guid(1f6dbf787d3d8e84381791aa30d9c292) Importer(815301076,1909f56bfc062723c751e8b465ee728b)
Start importing Assets/Brackeys/2D Mega Pack/Platforms/Platform_Vertical_Pink.png using Guid(1f6dbf787d3d8e84381791aa30d9c292) Importer(815301076,1909f56bfc062723c751e8b465ee728b)  -> (artifact id: '10aa3e8c57d15c74a1a70c5729c637d4') in 0.019773 seconds 
  Import took 0.023673 seconds .

AssetImportWorkerClient::OnTransportError - code=2 error=End of file
